<?xml version='1.0' encoding='UTF-8'?>
<ns4:RecordTypes xmlns:ns4="http://data.slub-dresden.de/datamodels/DataModel-f652c591-78b9-476f-b8c6-2ea029f343d5/schema">
	<ns4:RecordType>
		<ns4:id><![CDATA[1234]]></ns4:id>
		<ns4:name><![CDATA[bla]]></ns4:name>
		<ns4:description><![CDATA[bla bla]]></ns4:description>
		<ns4:isbn><![CDATA[76587658765]]></ns4:isbn>
		<ns4:year><![CDATA[1970]]></ns4:year>
	</ns4:RecordType>
	<ns4:RecordType>
		<ns4:id><![CDATA[2343]]></ns4:id>
		<ns4:name><![CDATA[blub]]></ns4:name>
		<ns4:description><![CDATA[blub blub]]></ns4:description>
		<ns4:isbn><![CDATA[65786576576]]></ns4:isbn>
		<ns4:year><![CDATA[1960]]></ns4:year>
	</ns4:RecordType>
	<ns4:RecordType>
		<ns4:id><![CDATA[3456]]></ns4:id>
		<ns4:name><![CDATA[foo]]></ns4:name>
		<ns4:description><![CDATA[foo foo]]></ns4:description>
		<ns4:isbn><![CDATA[35435435435]]></ns4:isbn>
		<ns4:year><![CDATA[1980]]></ns4:year>
	</ns4:RecordType>
	<ns4:RecordType>
		<ns4:id><![CDATA[4567]]></ns4:id>
		<ns4:name><![CDATA[bar]]></ns4:name>
		<ns4:description><![CDATA[bar bar]]></ns4:description>
		<ns4:isbn><![CDATA[98554234654]]></ns4:isbn>
		<ns4:year><![CDATA[1940]]></ns4:year>
	</ns4:RecordType>
	<ns4:RecordType>
		<ns4:id><![CDATA[5678]]></ns4:id>
		<ns4:name><![CDATA[hup]]></ns4:name>
		<ns4:description><![CDATA[hup hup]]></ns4:description>
		<ns4:isbn><![CDATA[14387986635]]></ns4:isbn>
		<ns4:year><![CDATA[1910]]></ns4:year>
	</ns4:RecordType>
	<ns4:RecordType>
		<ns4:id><![CDATA[6789]]></ns4:id>
		<ns4:name><![CDATA[möp]]></ns4:name>
		<ns4:description><![CDATA[möp möp]]></ns4:description>
		<ns4:isbn><![CDATA[23549870012]]></ns4:isbn>
		<ns4:year><![CDATA[1911]]></ns4:year>
	</ns4:RecordType>
	<ns4:RecordType>
		<ns4:id><![CDATA[7890]]></ns4:id>
		<ns4:name><![CDATA[gluck]]></ns4:name>
		<ns4:description><![CDATA[gluck gluck]]></ns4:description>
		<ns4:isbn><![CDATA[23423098098]]></ns4:isbn>
		<ns4:year><![CDATA[2001]]></ns4:year>
	</ns4:RecordType>
	<ns4:RecordType>
		<ns4:id><![CDATA[9876]]></ns4:id>
		<ns4:name><![CDATA[quick]]></ns4:name>
		<ns4:description><![CDATA[quick quick]]></ns4:description>
		<ns4:isbn><![CDATA[34500034534]]></ns4:isbn>
		<ns4:year><![CDATA[2001]]></ns4:year>
	</ns4:RecordType>
	<ns4:RecordType>
		<ns4:id><![CDATA[8765]]></ns4:id>
		<ns4:name><![CDATA[quack]]></ns4:name>
		<ns4:description><![CDATA[quack quack]]></ns4:description>
		<ns4:isbn><![CDATA[45645600456]]></ns4:isbn>
		<ns4:year><![CDATA[2010]]></ns4:year>
	</ns4:RecordType>
	<ns4:RecordType>
		<ns4:id><![CDATA[7654]]></ns4:id>
		<ns4:name><![CDATA[plök]]></ns4:name>
		<ns4:description><![CDATA[plök plök]]></ns4:description>
		<ns4:isbn><![CDATA[23000543645]]></ns4:isbn>
		<ns4:year><![CDATA[2013]]></ns4:year>
	</ns4:RecordType>
	<ns4:RecordType>
		<ns4:id><![CDATA[6543]]></ns4:id>
		<ns4:name><![CDATA[quietsch]]></ns4:name>
		<ns4:description><![CDATA[quietsch quietsch]]></ns4:description>
		<ns4:isbn><![CDATA[23400999234]]></ns4:isbn>
		<ns4:year><![CDATA[1956]]></ns4:year>
	</ns4:RecordType>
	<ns4:RecordType>
		<ns4:id><![CDATA[5432]]></ns4:id>
		<ns4:name><![CDATA[quäk]]></ns4:name>
		<ns4:description><![CDATA[quäk quäk]]></ns4:description>
		<ns4:isbn><![CDATA[45645688800]]></ns4:isbn>
		<ns4:year><![CDATA[1913]]></ns4:year>
	</ns4:RecordType>
	<ns4:RecordType>
		<ns4:id><![CDATA[4321]]></ns4:id>
		<ns4:name><![CDATA[piep]]></ns4:name>
		<ns4:description><![CDATA[piep piep]]></ns4:description>
		<ns4:isbn><![CDATA[56723423466]]></ns4:isbn>
		<ns4:year><![CDATA[1928]]></ns4:year>
	</ns4:RecordType>
	<ns4:RecordType>
		<ns4:id><![CDATA[5687]]></ns4:id>
		<ns4:name><![CDATA[mäh]]></ns4:name>
		<ns4:description><![CDATA[mäh mäh]]></ns4:description>
		<ns4:isbn><![CDATA[66633344455]]></ns4:isbn>
		<ns4:year><![CDATA[1923]]></ns4:year>
	</ns4:RecordType>
	<ns4:RecordType>
		<ns4:id><![CDATA[3490]]></ns4:id>
		<ns4:name><![CDATA[muh]]></ns4:name>
		<ns4:description><![CDATA[muh muh]]></ns4:description>
		<ns4:isbn><![CDATA[77744488866]]></ns4:isbn>
		<ns4:year><![CDATA[1975]]></ns4:year>
	</ns4:RecordType>
	<ns4:RecordType>
		<ns4:id><![CDATA[1289]]></ns4:id>
		<ns4:name><![CDATA[miau]]></ns4:name>
		<ns4:description><![CDATA[miau miau]]></ns4:description>
		<ns4:isbn><![CDATA[11188822277]]></ns4:isbn>
		<ns4:year><![CDATA[1990]]></ns4:year>
	</ns4:RecordType>
	<ns4:RecordType>
		<ns4:id><![CDATA[3467]]></ns4:id>
		<ns4:name><![CDATA[wauwau]]></ns4:name>
		<ns4:description><![CDATA[wauwau wauwau]]></ns4:description>
		<ns4:isbn><![CDATA[22266644488]]></ns4:isbn>
		<ns4:year><![CDATA[1999]]></ns4:year>
	</ns4:RecordType>
	<ns4:RecordType>
		<ns4:id><![CDATA[9843]]></ns4:id>
		<ns4:name><![CDATA[brumm]]></ns4:name>
		<ns4:description><![CDATA[brumm brumm]]></ns4:description>
		<ns4:isbn><![CDATA[33399944455]]></ns4:isbn>
		<ns4:year><![CDATA[2003]]></ns4:year>
	</ns4:RecordType>
	<ns4:RecordType>
		<ns4:id><![CDATA[7430]]></ns4:id>
		<ns4:name><![CDATA[kikeriki]]></ns4:name>
		<ns4:description><![CDATA[kikeriki kikeriki]]></ns4:description>
		<ns4:isbn><![CDATA[44466622288]]></ns4:isbn>
		<ns4:year><![CDATA[1987]]></ns4:year>
	</ns4:RecordType>
</ns4:RecordTypes>