<?xml version='1.0' encoding='UTF-8'?><ns14:RecordTypes xmlns:ns14="http://data.slub-dresden.de/resources/2/schema"><ns14:RecordType><ns14:id><![CDATA[1234]]></ns14:id><ns14:name><![CDATA[bla]]></ns14:name><ns14:description><![CDATA[bla bla]]></ns14:description><ns14:isbn><![CDATA[76587658765]]></ns14:isbn><ns14:year><![CDATA[1970]]></ns14:year></ns14:RecordType><ns14:RecordType><ns14:id><![CDATA[2343]]></ns14:id><ns14:name><![CDATA[blub]]></ns14:name><ns14:description><![CDATA[blub blub]]></ns14:description><ns14:isbn><![CDATA[65786576576]]></ns14:isbn><ns14:year><![CDATA[1960]]></ns14:year></ns14:RecordType><ns14:RecordType><ns14:id><![CDATA[3456]]></ns14:id><ns14:name><![CDATA[foo]]></ns14:name><ns14:description><![CDATA[foo foo]]></ns14:description><ns14:isbn><![CDATA[35435435435]]></ns14:isbn><ns14:year><![CDATA[1980]]></ns14:year></ns14:RecordType><ns14:RecordType><ns14:id><![CDATA[4567]]></ns14:id><ns14:name><![CDATA[bar]]></ns14:name><ns14:description><![CDATA[bar bar]]></ns14:description><ns14:isbn><![CDATA[98554234654]]></ns14:isbn><ns14:year><![CDATA[1940]]></ns14:year></ns14:RecordType><ns14:RecordType><ns14:id><![CDATA[5678]]></ns14:id><ns14:name><![CDATA[hup]]></ns14:name><ns14:description><![CDATA[hup hup]]></ns14:description><ns14:isbn><![CDATA[14387986635]]></ns14:isbn><ns14:year><![CDATA[1910]]></ns14:year></ns14:RecordType><ns14:RecordType><ns14:id><![CDATA[6789]]></ns14:id><ns14:name><![CDATA[möp]]></ns14:name><ns14:description><![CDATA[möp möp]]></ns14:description><ns14:isbn><![CDATA[23549870012]]></ns14:isbn><ns14:year><![CDATA[1911]]></ns14:year></ns14:RecordType><ns14:RecordType><ns14:id><![CDATA[7890]]></ns14:id><ns14:name><![CDATA[gluck]]></ns14:name><ns14:description><![CDATA[gluck gluck]]></ns14:description><ns14:isbn><![CDATA[23423098098]]></ns14:isbn><ns14:year><![CDATA[2001]]></ns14:year></ns14:RecordType><ns14:RecordType><ns14:id><![CDATA[9876]]></ns14:id><ns14:name><![CDATA[quick]]></ns14:name><ns14:description><![CDATA[quick quick]]></ns14:description><ns14:isbn><![CDATA[34500034534]]></ns14:isbn><ns14:year><![CDATA[2001]]></ns14:year></ns14:RecordType><ns14:RecordType><ns14:id><![CDATA[8765]]></ns14:id><ns14:name><![CDATA[quack]]></ns14:name><ns14:description><![CDATA[quack quack]]></ns14:description><ns14:isbn><![CDATA[45645600456]]></ns14:isbn><ns14:year><![CDATA[2010]]></ns14:year></ns14:RecordType><ns14:RecordType><ns14:id><![CDATA[7654]]></ns14:id><ns14:name><![CDATA[plök]]></ns14:name><ns14:description><![CDATA[plök plök]]></ns14:description><ns14:isbn><![CDATA[23000543645]]></ns14:isbn><ns14:year><![CDATA[2013]]></ns14:year></ns14:RecordType><ns14:RecordType><ns14:id><![CDATA[6543]]></ns14:id><ns14:name><![CDATA[quietsch]]></ns14:name><ns14:description><![CDATA[quietsch quietsch]]></ns14:description><ns14:isbn><![CDATA[23400999234]]></ns14:isbn><ns14:year><![CDATA[1956]]></ns14:year></ns14:RecordType><ns14:RecordType><ns14:id><![CDATA[5432]]></ns14:id><ns14:name><![CDATA[quäk]]></ns14:name><ns14:description><![CDATA[quäk quäk]]></ns14:description><ns14:isbn><![CDATA[45645688800]]></ns14:isbn><ns14:year><![CDATA[1913]]></ns14:year></ns14:RecordType><ns14:RecordType><ns14:id><![CDATA[4321]]></ns14:id><ns14:name><![CDATA[piep]]></ns14:name><ns14:description><![CDATA[piep piep]]></ns14:description><ns14:isbn><![CDATA[56723423466]]></ns14:isbn><ns14:year><![CDATA[1928]]></ns14:year></ns14:RecordType><ns14:RecordType><ns14:id><![CDATA[5687]]></ns14:id><ns14:name><![CDATA[mäh]]></ns14:name><ns14:description><![CDATA[mäh mäh]]></ns14:description><ns14:isbn><![CDATA[66633344455]]></ns14:isbn><ns14:year><![CDATA[1923]]></ns14:year></ns14:RecordType><ns14:RecordType><ns14:id><![CDATA[3490]]></ns14:id><ns14:name><![CDATA[muh]]></ns14:name><ns14:description><![CDATA[muh muh]]></ns14:description><ns14:isbn><![CDATA[77744488866]]></ns14:isbn><ns14:year><![CDATA[1975]]></ns14:year></ns14:RecordType><ns14:RecordType><ns14:id><![CDATA[1289]]></ns14:id><ns14:name><![CDATA[miau]]></ns14:name><ns14:description><![CDATA[miau miau]]></ns14:description><ns14:isbn><![CDATA[11188822277]]></ns14:isbn><ns14:year><![CDATA[1990]]></ns14:year></ns14:RecordType><ns14:RecordType><ns14:id><![CDATA[3467]]></ns14:id><ns14:name><![CDATA[wauwau]]></ns14:name><ns14:description><![CDATA[wauwau wauwau]]></ns14:description><ns14:isbn><![CDATA[22266644488]]></ns14:isbn><ns14:year><![CDATA[1999]]></ns14:year></ns14:RecordType><ns14:RecordType><ns14:id><![CDATA[9843]]></ns14:id><ns14:name><![CDATA[brumm]]></ns14:name><ns14:description><![CDATA[brumm brumm]]></ns14:description><ns14:isbn><![CDATA[33399944455]]></ns14:isbn><ns14:year><![CDATA[2003]]></ns14:year></ns14:RecordType><ns14:RecordType><ns14:id><![CDATA[7430]]></ns14:id><ns14:name><![CDATA[kikeriki]]></ns14:name><ns14:description><![CDATA[kikeriki kikeriki]]></ns14:description><ns14:isbn><![CDATA[44466622288]]></ns14:isbn><ns14:year><![CDATA[1987]]></ns14:year></ns14:RecordType></ns14:RecordTypes>