<?xml version="1.0" encoding="UTF-8"?>
<datei xmlns="http://www.ddb.de/professionell/mabxml/mabxml-1.xsd"
	xmlns:xsi="http://www.w3.org/2001/XMLSchema-instance"
	xsi:schemaLocation="http://files.dnb.de/standards/formate/mabxml-1.xsd">
	<datensatz typ="h" status="n" mabVersion="M2.0">
		<feld nr="001" ind=" ">06978834</feld>
		<feld nr="002" ind="a">19981028</feld>
		<feld nr="003" ind=" ">20010620</feld>
		<feld nr="005" ind="n">
			<unterfeld id="123">
				<unterunterfeld no="3456">bla</unterunterfeld>
			</unterfeld>
			<unterfeld id="456">
				<unterunterfeld no="456556">blub</unterunterfeld>
				<unterunterfeld no="65767">blug</unterunterfeld>
			</unterfeld>
			<unterfeld id="583">
				<unterunterfeldrec foo="45435">
					<unterunterfeldred foo="6548">
						<unterunterfeldrec foo="4385">goal</unterunterfeldrec>
					</unterunterfeldred>
				</unterunterfeldrec>
			</unterfeld>
			<unterfeld id="11583">
				<unterunterfeldrec foo="1145435">
					<unterunterfeldred foo="116548">
						<unterunterfeldrec foo="114385">goal</unterunterfeldrec>
					</unterunterfeldred>
				</unterunterfeldrec>
				<unterunterfeldrec foo="2245435">
					<unterunterfeldred foo="226548">
						<unterunterfeldrec foo="224385">goal</unterunterfeldrec>
					</unterunterfeldred>
				</unterunterfeldrec>
			</unterfeld>
		</feld>
	</datensatz>

</datei>
